<?xml version="1.0" encoding="UTF-8"?>
<!-- Generated by org.testng.reporters.JUnitReportReporter -->
<testsuite hostname="DESKTOP-FD7ROMO" failures="0" tests="1" name="ExcelRWeekdaySeleniumTraining.HandleAuthenticationPopUp" time="7.366" errors="0" timestamp="2023-07-31T14:27:27 IST" skipped="0">
  <testcase classname="ExcelRWeekdaySeleniumTraining.HandleAuthenticationPopUp" name="verifyTitle" time="7.366"/>
  <system-out/>
</testsuite> <!-- ExcelRWeekdaySeleniumTraining.HandleAuthenticationPopUp -->
