<?xml version="1.0" encoding="UTF-8"?>
<!-- Generated by org.testng.reporters.JUnitReportReporter -->
<testsuite hostname="DESKTOP-FD7ROMO" failures="0" tests="1" name="SeleniumPractice.SeleniumModuleTwoAssTwo" time="6.374" errors="0" timestamp="2022-12-02T22:46:51 IST" skipped="0">
  <testcase classname="SeleniumPractice.SeleniumModuleTwoAssTwo" name="deleteCustomer" time="6.374"/>
  <system-out/>
</testsuite> <!-- SeleniumPractice.SeleniumModuleTwoAssTwo -->
