<?xml version="1.0" encoding="UTF-8"?>
<!-- Generated by org.testng.reporters.JUnitReportReporter -->
<testsuite hostname="DESKTOP-FD7ROMO" failures="0" tests="1" name="ExcelRWeekdaySeleniumTraining.ActionMouseHover" time="4.455" errors="0" timestamp="2022-11-29T10:33:10 IST" skipped="0">
  <testcase classname="ExcelRWeekdaySeleniumTraining.ActionMouseHover" name="MouseHover" time="4.455"/>
  <system-out/>
</testsuite> <!-- ExcelRWeekdaySeleniumTraining.ActionMouseHover -->
