<?xml version="1.0" encoding="UTF-8"?>
<!-- Generated by org.testng.reporters.JUnitReportReporter -->
<testsuite hostname="DESKTOP-FD7ROMO" failures="0" tests="4" name="ReadData.ReadDataUsingDataProvider" time="8.126" errors="0" timestamp="2022-11-18T00:20:02 IST" skipped="0">
  <testcase classname="ReadData.ReadDataUsingDataProvider" name="loginFB" time="1.824"/>
  <system-out/>
  <testcase classname="ReadData.ReadDataUsingDataProvider" name="loginFB" time="1.827"/>
  <system-out/>
  <testcase classname="ReadData.ReadDataUsingDataProvider" name="loginFB" time="2.747"/>
  <system-out/>
  <testcase classname="ReadData.ReadDataUsingDataProvider" name="loginFB" time="1.728"/>
  <system-out/>
</testsuite> <!-- ReadData.ReadDataUsingDataProvider -->
