<?xml version="1.0" encoding="UTF-8"?>
<!-- Generated by org.testng.reporters.JUnitReportReporter -->
<testsuite hostname="DESKTOP-FD7ROMO" failures="0" tests="1" name="TestNGDemo.TestzNGBasics" time="0.008" errors="0" timestamp="2022-11-04T21:48:37 IST" skipped="0">
  <testcase classname="TestNGDemo.TestzNGBasics" name="validateTitle" time="0.008"/>
  <system-out/>
</testsuite> <!-- TestNGDemo.TestzNGBasics -->
