<?xml version="1.0" encoding="UTF-8"?>
<!-- Generated by org.testng.reporters.JUnitReportReporter -->
<testsuite hostname="DESKTOP-FD7ROMO" failures="0" tests="1" name="com.orangehrm.test.NationalitiesPageTest" time="16.727" errors="0" timestamp="2023-05-30T21:04:25 IST" skipped="0">
  <testcase classname="com.orangehrm.test.NationalitiesPageTest" name="verifyNationalitiesPage" time="16.727"/>
  <system-out/>
</testsuite> <!-- com.orangehrm.test.NationalitiesPageTest -->
