<?xml version="1.0" encoding="UTF-8"?>
<!-- Generated by org.testng.reporters.JUnitReportReporter -->
<testsuite hostname="DESKTOP-FD7ROMO" failures="0" tests="1" name="DemoTestNG.Parameterization" time="7.950" errors="0" timestamp="2022-11-17T02:04:51 IST" skipped="0">
  <testcase classname="DemoTestNG.Parameterization" name="Parameter" time="7.950"/>
  <system-out/>
</testsuite> <!-- DemoTestNG.Parameterization -->
