<?xml version="1.0" encoding="UTF-8"?>
<!-- Generated by org.testng.reporters.JUnitReportReporter -->
<testsuite hostname="DESKTOP-FD7ROMO" failures="0" tests="1" name="com.orangehrm.test.DashboardPageTest" time="15.033" errors="0" timestamp="2023-05-30T21:04:25 IST" skipped="0">
  <testcase classname="com.orangehrm.test.DashboardPageTest" name="getAdmin" time="15.033"/>
  <system-out/>
</testsuite> <!-- com.orangehrm.test.DashboardPageTest -->
