<?xml version="1.0" encoding="UTF-8"?>
<!-- Generated by org.testng.reporters.JUnitReportReporter -->
<testsuite hostname="DESKTOP-FD7ROMO" failures="0" tests="1" name="com.orangehrm.test.ForgotPasswordTest" time="14.924" errors="0" timestamp="2023-05-30T22:11:59 IST" skipped="0">
  <testcase classname="com.orangehrm.test.ForgotPasswordTest" name="validateCancelButton" time="14.924"/>
  <system-out/>
</testsuite> <!-- com.orangehrm.test.ForgotPasswordTest -->
