<?xml version="1.0" encoding="UTF-8"?>
<!-- Generated by org.testng.reporters.JUnitReportReporter -->
<testsuite hostname="DESKTOP-FD7ROMO" failures="0" tests="1" name="SeleniumPractice.HandlingWindows" time="25.378" errors="0" timestamp="2022-12-05T16:38:21 IST" skipped="0">
  <testcase classname="SeleniumPractice.HandlingWindows" name="WindowsAssignment" time="25.378"/>
  <system-out/>
</testsuite> <!-- SeleniumPractice.HandlingWindows -->
