<?xml version="1.0" encoding="UTF-8"?>
<!-- Generated by org.testng.reporters.JUnitReportReporter -->
<testsuite hostname="DESKTOP-FD7ROMO" failures="0" tests="2" name="SeleniumPractice.SeleniumModuleTwo" time="15.842" errors="0" timestamp="2022-12-02T22:30:30 IST" skipped="0">
  <testcase classname="SeleniumPractice.SeleniumModuleTwo" name="companyNames" time="7.182"/>
  <system-out/>
  <testcase classname="SeleniumPractice.SeleniumModuleTwo" name="signIn" time="8.660"/>
  <system-out/>
</testsuite> <!-- SeleniumPractice.SeleniumModuleTwo -->
