<?xml version="1.0" encoding="UTF-8"?>
<!-- Generated by org.testng.reporters.JUnitReportReporter -->
<testsuite hostname="DESKTOP-FD7ROMO" failures="0" tests="1" name="ExcelRWeekdaySeleniumTraining.HandleTable" time="4.427" errors="0" timestamp="2022-11-30T00:32:57 IST" skipped="0">
  <testcase classname="ExcelRWeekdaySeleniumTraining.HandleTable" name="HandlingNestedTable" time="4.427"/>
  <system-out/>
</testsuite> <!-- ExcelRWeekdaySeleniumTraining.HandleTable -->
