<?xml version="1.0" encoding="UTF-8"?>
<!-- Generated by org.testng.reporters.JUnitReportReporter -->
<testsuite hostname="DESKTOP-FD7ROMO" failures="0" tests="2" name="SeleniumPractice.SeleniumModuleAssignmentTwo" time="8.923" errors="0" timestamp="2022-12-01T16:46:54 IST" skipped="0">
  <testcase classname="SeleniumPractice.SeleniumModuleAssignmentTwo" name="SelectOptionAndCheckBox" time="3.164"/>
  <system-out/>
  <testcase classname="SeleniumPractice.SeleniumModuleAssignmentTwo" name="DropDown" time="5.759"/>
  <system-out/>
</testsuite> <!-- SeleniumPractice.SeleniumModuleAssignmentTwo -->
