<?xml version="1.0" encoding="UTF-8"?>
<!-- Generated by org.testng.reporters.JUnitReportReporter -->
<testsuite hostname="DESKTOP-FD7ROMO" failures="0" tests="2" name="ExcelRWeekdaySeleniumTraining.TetstNGAnnotations" time="11.506" errors="0" timestamp="2022-12-11T19:47:10 IST" skipped="0">
  <testcase classname="ExcelRWeekdaySeleniumTraining.TetstNGAnnotations" name="LoginTest" time="6.774"/>
  <system-out/>
  <testcase classname="ExcelRWeekdaySeleniumTraining.TetstNGAnnotations" name="LoginTest" time="4.732"/>
  <system-out/>
</testsuite> <!-- ExcelRWeekdaySeleniumTraining.TetstNGAnnotations -->
